<?xml version="1.0"?>
<testsuite name="PhantomJS 2.1.1 (Mac OS X 0.0.0)" package="" timestamp="2016-11-12T16:04:13" id="0" hostname="ukm052965" tests="2" errors="0" failures="0" time="0.004">
  <properties>
    <property name="browser.fullName" value="Mozilla/5.0 (Macintosh; Intel Mac OS X) AppleWebKit/538.1 (KHTML, like Gecko) PhantomJS/2.1.1 Safari/538.1"/>
  </properties>
  <testcase name="Init Module #init should render ROOT" time="0.003" classname="PhantomJS_2_1_1_(Mac_OS_X_0_0_0).Init Module"/>
  <testcase name="Init Module #init should append ROOT to body" time="0.001" classname="PhantomJS_2_1_1_(Mac_OS_X_0_0_0).Init Module"/>
  <system-out>
    <![CDATA[
]]>
  </system-out>
  <system-err/>
</testsuite>